This file contains any messages produced by compilers while
running configure, to aid debugging if configure makes a mistake.

It was created by configure, which was
generated by GNU Autoconf 2.63.  Invocation command line was

  $ ./configure 

## --------- ##
## Platform. ##
## --------- ##

hostname = Callisto
uname -m = x86_64
uname -r = 5.2.11-arch1-1-ARCH
uname -s = Linux
uname -v = #1 SMP PREEMPT Thu Aug 29 08:09:36 UTC 2019

/usr/bin/uname -p = unknown
/bin/uname -X     = unknown

/bin/arch              = unknown
/usr/bin/arch -k       = unknown
/usr/convex/getsysinfo = unknown
/usr/bin/hostinfo      = unknown
/bin/machine           = unknown
/usr/bin/oslevel       = unknown
/bin/universe          = unknown

PATH: /usr/local/bin
PATH: /usr/local/sbin
PATH: /usr/bin
PATH: /opt/android-sdk/tools
PATH: /opt/android-sdk/tools/bin
PATH: /usr/lib/jvm/default/bin
PATH: /usr/bin/site_perl
PATH: /usr/bin/vendor_perl
PATH: /usr/bin/core_perl
PATH: /home/john/bin
PATH: /usr/local/bin
PATH: /usr/local/sbin
PATH: /usr/bin
PATH: /opt/android-sdk/tools
PATH: /opt/android-sdk/tools/bin
PATH: /usr/lib/jvm/default/bin
PATH: /usr/bin/site_perl
PATH: /usr/bin/vendor_perl
PATH: /usr/bin/core_perl
PATH: /home/john/Documents/PhD/Source/GraphIPC/cmake-build-debug/
PATH: /usr/local/bin
PATH: /usr/local/sbin
PATH: /usr/bin
PATH: /opt/android-sdk/tools
PATH: /opt/android-sdk/tools/bin
PATH: /usr/lib/jvm/default/bin
PATH: /usr/bin/site_perl
PATH: /usr/bin/vendor_perl
PATH: /usr/bin/core_perl
PATH: /home/john/bin
PATH: /usr/local/bin
PATH: /usr/local/sbin
PATH: /usr/bin
PATH: /opt/android-sdk/tools
PATH: /opt/android-sdk/tools/bin
PATH: /usr/lib/jvm/default/bin
PATH: /usr/bin/site_perl
PATH: /usr/bin/vendor_perl
PATH: /usr/bin/core_perl
PATH: /opt/opennlp/bin
PATH: /usr/local/bin
PATH: /usr/local/sbin
PATH: /usr/bin
PATH: /opt/android-sdk/tools
PATH: /opt/android-sdk/tools/bin
PATH: /usr/lib/jvm/default/bin
PATH: /usr/bin/site_perl
PATH: /usr/bin/vendor_perl
PATH: /usr/bin/core_perl
PATH: /home/john/bin
PATH: /usr/local/bin
PATH: /usr/local/sbin
PATH: /usr/bin
PATH: /opt/android-sdk/tools
PATH: /opt/android-sdk/tools/bin
PATH: /usr/lib/jvm/default/bin
PATH: /usr/bin/site_perl
PATH: /usr/bin/vendor_perl
PATH: /usr/bin/core_perl
PATH: /home/john/Documents/PhD/Source/GraphIPC/cmake-build-debug/
PATH: /usr/local/bin
PATH: /usr/local/sbin
PATH: /usr/bin
PATH: /opt/android-sdk/tools
PATH: /opt/android-sdk/tools/bin
PATH: /usr/lib/jvm/default/bin
PATH: /usr/bin/site_perl
PATH: /usr/bin/vendor_perl
PATH: /usr/bin/core_perl
PATH: /home/john/bin
PATH: /usr/local/bin
PATH: /usr/local/sbin
PATH: /usr/bin
PATH: /opt/android-sdk/tools
PATH: /opt/android-sdk/tools/bin
PATH: /usr/lib/jvm/default/bin
PATH: /usr/bin/site_perl
PATH: /usr/bin/vendor_perl
PATH: /usr/bin/core_perl
PATH: /home/john/Android/Sdk/platform-tools,
PATH: /usr/local/bin
PATH: /usr/local/sbin
PATH: /usr/bin
PATH: /opt/android-sdk/tools
PATH: /opt/android-sdk/tools/bin
PATH: /usr/lib/jvm/default/bin
PATH: /usr/bin/site_perl
PATH: /usr/bin/vendor_perl
PATH: /usr/bin/core_perl
PATH: /home/john/bin
PATH: /usr/local/bin
PATH: /usr/local/sbin
PATH: /usr/bin
PATH: /opt/android-sdk/tools
PATH: /opt/android-sdk/tools/bin
PATH: /usr/lib/jvm/default/bin
PATH: /usr/bin/site_perl
PATH: /usr/bin/vendor_perl
PATH: /usr/bin/core_perl
PATH: /home/john/Documents/PhD/Source/GraphIPC/cmake-build-debug/
PATH: /usr/local/bin
PATH: /usr/local/sbin
PATH: /usr/bin
PATH: /opt/android-sdk/tools
PATH: /opt/android-sdk/tools/bin
PATH: /usr/lib/jvm/default/bin
PATH: /usr/bin/site_perl
PATH: /usr/bin/vendor_perl
PATH: /usr/bin/core_perl
PATH: /home/john/bin
PATH: /usr/local/bin
PATH: /usr/local/sbin
PATH: /usr/bin
PATH: /opt/android-sdk/tools
PATH: /opt/android-sdk/tools/bin
PATH: /usr/lib/jvm/default/bin
PATH: /usr/bin/site_perl
PATH: /usr/bin/vendor_perl
PATH: /usr/bin/core_perl
PATH: /opt/opennlp/bin
PATH: /usr/local/bin
PATH: /usr/local/sbin
PATH: /usr/bin
PATH: /opt/android-sdk/tools
PATH: /opt/android-sdk/tools/bin
PATH: /usr/lib/jvm/default/bin
PATH: /usr/bin/site_perl
PATH: /usr/bin/vendor_perl
PATH: /usr/bin/core_perl
PATH: /home/john/bin
PATH: /usr/local/bin
PATH: /usr/local/sbin
PATH: /usr/bin
PATH: /opt/android-sdk/tools
PATH: /opt/android-sdk/tools/bin
PATH: /usr/lib/jvm/default/bin
PATH: /usr/bin/site_perl
PATH: /usr/bin/vendor_perl
PATH: /usr/bin/core_perl
PATH: /home/john/Documents/PhD/Source/GraphIPC/cmake-build-debug/
PATH: /usr/local/bin
PATH: /usr/local/sbin
PATH: /usr/bin
PATH: /opt/android-sdk/tools
PATH: /opt/android-sdk/tools/bin
PATH: /usr/lib/jvm/default/bin
PATH: /usr/bin/site_perl
PATH: /usr/bin/vendor_perl
PATH: /usr/bin/core_perl
PATH: /home/john/bin
PATH: /usr/local/bin
PATH: /usr/local/sbin
PATH: /usr/bin
PATH: /opt/android-sdk/tools
PATH: /opt/android-sdk/tools/bin
PATH: /usr/lib/jvm/default/bin
PATH: /usr/bin/site_perl
PATH: /usr/bin/vendor_perl
PATH: /usr/bin/core_perl


## ----------- ##
## Core tests. ##
## ----------- ##

configure:1976: checking for gcc
configure:1992: found /usr/bin/gcc
configure:2003: result: gcc
configure:2235: checking for C compiler version
configure:2243: gcc --version >&5
gcc (GCC) 9.1.0
Copyright (C) 2019 Free Software Foundation, Inc.
This is free software; see the source for copying conditions.  There is NO
warranty; not even for MERCHANTABILITY or FITNESS FOR A PARTICULAR PURPOSE.

configure:2247: $? = 0
configure:2254: gcc -v >&5
Using built-in specs.
COLLECT_GCC=gcc
COLLECT_LTO_WRAPPER=/usr/lib/gcc/x86_64-pc-linux-gnu/9.1.0/lto-wrapper
Target: x86_64-pc-linux-gnu
Configured with: /build/gcc/src/gcc/configure --prefix=/usr --libdir=/usr/lib --libexecdir=/usr/lib --mandir=/usr/share/man --infodir=/usr/share/info --with-bugurl=https://bugs.archlinux.org/ --enable-languages=c,c++,ada,fortran,go,lto,objc,obj-c++ --enable-shared --enable-threads=posix --with-system-zlib --with-isl --enable-__cxa_atexit --disable-libunwind-exceptions --enable-clocale=gnu --disable-libstdcxx-pch --disable-libssp --enable-gnu-unique-object --enable-linker-build-id --enable-lto --enable-plugin --enable-install-libiberty --with-linker-hash-style=gnu --enable-gnu-indirect-function --enable-multilib --disable-werror --enable-checking=release --enable-default-pie --enable-default-ssp --enable-cet=auto
Thread model: posix
gcc version 9.1.0 (GCC) 
configure:2258: $? = 0
configure:2265: gcc -V >&5
gcc: error: unrecognized command line option '-V'
gcc: fatal error: no input files
compilation terminated.
configure:2269: $? = 1
configure:2292: checking for C compiler default output file name
configure:2314: gcc -O   conftest.c  >&5
configure:2318: $? = 0
configure:2356: result: a.out
configure:2375: checking whether the C compiler works
configure:2385: ./a.out
configure:2389: $? = 0
configure:2408: result: yes
configure:2415: checking whether we are cross compiling
configure:2417: result: no
configure:2420: checking for suffix of executables
configure:2427: gcc -o conftest -O   conftest.c  >&5
configure:2431: $? = 0
configure:2457: result: 
configure:2463: checking for suffix of object files
configure:2489: gcc -c -O  conftest.c >&5
configure:2493: $? = 0
configure:2518: result: o
configure:2522: checking whether we are using the GNU C compiler
configure:2551: gcc -c -O  conftest.c >&5
configure:2558: $? = 0
configure:2575: result: yes
configure:2584: checking whether gcc accepts -g
configure:2614: gcc -c -g  conftest.c >&5
configure:2621: $? = 0
configure:2722: result: yes
configure:2739: checking for gcc option to accept ISO C89
configure:2813: gcc  -c -O  conftest.c >&5
configure:2820: $? = 0
configure:2843: result: none needed
configure:2875: checking for a BSD-compatible install
configure:2943: result: /usr/bin/install -c
configure:2954: checking whether make sets $(MAKE)
configure:2976: result: yes
configure:2992: checking how to run the C preprocessor
configure:3032: gcc -E  conftest.c
configure:3039: $? = 0
configure:3070: gcc -E  conftest.c
conftest.c:11:10: fatal error: ac_nonexistent.h: No such file or directory
   11 | #include <ac_nonexistent.h>
      |          ^~~~~~~~~~~~~~~~~~
compilation terminated.
configure:3077: $? = 1
configure: failed program was:
| /* confdefs.h.  */
| #define PACKAGE_NAME ""
| #define PACKAGE_TARNAME ""
| #define PACKAGE_VERSION ""
| #define PACKAGE_STRING ""
| #define PACKAGE_BUGREPORT ""
| #define PACKAGE "pv"
| #define PROGRAM_NAME "pv"
| #define VERSION "1.6.6"
| /* end confdefs.h.  */
| #include <ac_nonexistent.h>
configure:3110: result: gcc -E
configure:3139: gcc -E  conftest.c
configure:3146: $? = 0
configure:3177: gcc -E  conftest.c
conftest.c:11:10: fatal error: ac_nonexistent.h: No such file or directory
   11 | #include <ac_nonexistent.h>
      |          ^~~~~~~~~~~~~~~~~~
compilation terminated.
configure:3184: $? = 1
configure: failed program was:
| /* confdefs.h.  */
| #define PACKAGE_NAME ""
| #define PACKAGE_TARNAME ""
| #define PACKAGE_VERSION ""
| #define PACKAGE_STRING ""
| #define PACKAGE_BUGREPORT ""
| #define PACKAGE "pv"
| #define PROGRAM_NAME "pv"
| #define VERSION "1.6.6"
| /* end confdefs.h.  */
| #include <ac_nonexistent.h>
configure:3224: checking for grep that handles long lines and -e
configure:3284: result: /usr/bin/grep
configure:3289: checking for egrep
configure:3353: result: /usr/bin/grep -E
configure:3384: checking for msgfmt
configure:3402: found /usr/bin/msgfmt
configure:3415: result: /usr/bin/msgfmt
configure:3425: checking for gmsgfmt
configure:3456: result: /usr/bin/msgfmt
configure:3466: checking for xgettext
configure:3484: found /usr/bin/xgettext
configure:3497: result: /usr/bin/xgettext
configure:3514: checking for main in -lintl
configure:3543: gcc -o conftest -O   conftest.c -lintl   >&5
/usr/bin/ld: cannot find -lintl
collect2: error: ld returned 1 exit status
configure:3550: $? = 1
configure: failed program was:
| /* confdefs.h.  */
| #define PACKAGE_NAME ""
| #define PACKAGE_TARNAME ""
| #define PACKAGE_VERSION ""
| #define PACKAGE_STRING ""
| #define PACKAGE_BUGREPORT ""
| #define PACKAGE "pv"
| #define PROGRAM_NAME "pv"
| #define VERSION "1.6.6"
| #define ENABLE_NLS 1
| /* end confdefs.h.  */
| 
| 
| int
| main ()
| {
| return main ();
|   ;
|   return 0;
| }
configure:3571: result: no
configure:3583: checking for main in -li
configure:3612: gcc -o conftest -O   conftest.c -li   >&5
/usr/bin/ld: cannot find -li
collect2: error: ld returned 1 exit status
configure:3619: $? = 1
configure: failed program was:
| /* confdefs.h.  */
| #define PACKAGE_NAME ""
| #define PACKAGE_TARNAME ""
| #define PACKAGE_VERSION ""
| #define PACKAGE_STRING ""
| #define PACKAGE_BUGREPORT ""
| #define PACKAGE "pv"
| #define PROGRAM_NAME "pv"
| #define VERSION "1.6.6"
| #define ENABLE_NLS 1
| /* end confdefs.h.  */
| 
| 
| int
| main ()
| {
| return main ();
|   ;
|   return 0;
| }
configure:3640: result: no
configure:3662: checking for gettext
configure:3718: gcc -o conftest -O   conftest.c  >&5
conftest.c:35:6: warning: conflicting types for built-in function 'gettext'; expected 'char *(const char *)' [-Wbuiltin-declaration-mismatch]
   35 | char gettext ();
      |      ^~~~~~~
configure:3725: $? = 0
configure:3745: result: yes
configure:3762: checking for ANSI C header files
configure:3792: gcc -c -O  conftest.c >&5
configure:3799: $? = 0
configure:3898: gcc -o conftest -O   conftest.c  >&5
configure:3902: $? = 0
configure:3908: ./conftest
configure:3912: $? = 0
configure:3930: result: yes
configure:3954: checking for sys/types.h
configure:3975: gcc -c -O  conftest.c >&5
configure:3982: $? = 0
configure:3999: result: yes
configure:3954: checking for sys/stat.h
configure:3975: gcc -c -O  conftest.c >&5
configure:3982: $? = 0
configure:3999: result: yes
configure:3954: checking for stdlib.h
configure:3975: gcc -c -O  conftest.c >&5
configure:3982: $? = 0
configure:3999: result: yes
configure:3954: checking for string.h
configure:3975: gcc -c -O  conftest.c >&5
configure:3982: $? = 0
configure:3999: result: yes
configure:3954: checking for memory.h
configure:3975: gcc -c -O  conftest.c >&5
configure:3982: $? = 0
configure:3999: result: yes
configure:3954: checking for strings.h
configure:3975: gcc -c -O  conftest.c >&5
configure:3982: $? = 0
configure:3999: result: yes
configure:3954: checking for inttypes.h
configure:3975: gcc -c -O  conftest.c >&5
configure:3982: $? = 0
configure:3999: result: yes
configure:3954: checking for stdint.h
configure:3975: gcc -c -O  conftest.c >&5
configure:3982: $? = 0
configure:3999: result: yes
configure:3954: checking for unistd.h
configure:3975: gcc -c -O  conftest.c >&5
configure:3982: $? = 0
configure:3999: result: yes
configure:4029: checking libintl.h usability
configure:4046: gcc -c -O  conftest.c >&5
configure:4053: $? = 0
configure:4067: result: yes
configure:4071: checking libintl.h presence
configure:4086: gcc -E  conftest.c
configure:4093: $? = 0
configure:4107: result: yes
configure:4135: checking for libintl.h
configure:4144: result: yes
configure:4175: checking locale.h usability
configure:4192: gcc -c -O  conftest.c >&5
configure:4199: $? = 0
configure:4213: result: yes
configure:4217: checking locale.h presence
configure:4232: gcc -E  conftest.c
configure:4239: $? = 0
configure:4253: result: yes
configure:4281: checking for locale.h
configure:4290: result: yes
configure:4320: checking for getopt_long
configure:4376: gcc -o conftest -O   conftest.c  >&5
configure:4383: $? = 0
configure:4405: result: yes
configure:4320: checking for getopt
configure:4376: gcc -o conftest -O   conftest.c  >&5
configure:4383: $? = 0
configure:4405: result: yes
configure:4433: checking getopt.h usability
configure:4450: gcc -c -O  conftest.c >&5
configure:4457: $? = 0
configure:4471: result: yes
configure:4475: checking getopt.h presence
configure:4490: gcc -E  conftest.c
configure:4497: $? = 0
configure:4511: result: yes
configure:4539: checking for getopt.h
configure:4548: result: yes
configure:4569: checking for open64
configure:4625: gcc -o conftest -O   conftest.c  >&5
configure:4632: $? = 0
configure:4654: result: yes
configure:4675: checking for ANSI C header files
configure:4843: result: yes
configure:4860: checking for memcpy
configure:4916: gcc -o conftest -O   conftest.c  >&5
conftest.c:55:6: warning: conflicting types for built-in function 'memcpy'; expected 'void *(void *, const void *, long unsigned int)' [-Wbuiltin-declaration-mismatch]
   55 | char memcpy ();
      |      ^~~~~~
conftest.c:43:1: note: 'memcpy' is declared in header '<string.h>'
   42 | # include <limits.h>
   43 | #else
configure:4923: $? = 0
configure:4945: result: yes
configure:4860: checking for basename
configure:4916: gcc -o conftest -O   conftest.c  >&5
configure:4923: $? = 0
configure:4945: result: yes
configure:4860: checking for snprintf
configure:4916: gcc -o conftest -O   conftest.c  >&5
conftest.c:57:6: warning: conflicting types for built-in function 'snprintf'; expected 'int(char *, long unsigned int,  const char *, ...)' [-Wbuiltin-declaration-mismatch]
   57 | char snprintf ();
      |      ^~~~~~~~
conftest.c:45:1: note: 'snprintf' is declared in header '<stdio.h>'
   44 | # include <limits.h>
   45 | #else
configure:4923: $? = 0
configure:4945: result: yes
configure:4860: checking for stat64
configure:4916: gcc -o conftest -O   conftest.c  >&5
configure:4923: $? = 0
configure:4945: result: yes
configure:4973: checking limits.h usability
configure:4990: gcc -c -O  conftest.c >&5
configure:4997: $? = 0
configure:5011: result: yes
configure:5015: checking limits.h presence
configure:5030: gcc -E  conftest.c
configure:5037: $? = 0
configure:5051: result: yes
configure:5079: checking for limits.h
configure:5088: result: yes
configure:5123: checking sys/ipc.h usability
configure:5140: gcc -c -O  conftest.c >&5
configure:5147: $? = 0
configure:5161: result: yes
configure:5165: checking sys/ipc.h presence
configure:5180: gcc -E  conftest.c
configure:5187: $? = 0
configure:5201: result: yes
configure:5229: checking for sys/ipc.h
configure:5238: result: yes
configure:5123: checking sys/param.h usability
configure:5140: gcc -c -O  conftest.c >&5
configure:5147: $? = 0
configure:5161: result: yes
configure:5165: checking sys/param.h presence
configure:5180: gcc -E  conftest.c
configure:5187: $? = 0
configure:5201: result: yes
configure:5229: checking for sys/param.h
configure:5238: result: yes
configure:5123: checking libgen.h usability
configure:5140: gcc -c -O  conftest.c >&5
configure:5147: $? = 0
configure:5161: result: yes
configure:5165: checking libgen.h presence
configure:5180: gcc -E  conftest.c
configure:5187: $? = 0
configure:5201: result: yes
configure:5229: checking for libgen.h
configure:5238: result: yes
configure:5260: checking for splice
configure:5316: gcc -o conftest -O   conftest.c  >&5
configure:5323: $? = 0
configure:5345: result: yes
configure:5471: creating ./config.status

## ---------------------- ##
## Running config.status. ##
## ---------------------- ##

This file was extended by config.status, which was
generated by GNU Autoconf 2.63.  Invocation command line was

  CONFIG_FILES    = 
  CONFIG_HEADERS  = 
  CONFIG_LINKS    = 
  CONFIG_COMMANDS = 
  $ ./config.status 

on Callisto

config.status:772: creating Makefile
config.status:919: WARNING:  'autoconf/Makefile.in' 'autoconf/make/vars.mk' 'autoconf/make/package.mk' 'autoconf/make/filelist.mk~' 'autoconf/make/unreal.mk' 'autoconf/make/modules.mk~' 'autoconf/make/rules.mk' 'autoconf/make/link.mk' 'autoconf/make/depend.mk~' seems to ignore the --datarootdir setting
config.status:772: creating doc/lsm
config.status:772: creating doc/quickref.1
config.status:772: creating doc/pv.spec
config.status:772: creating src/.dummy
config.status:772: creating src/include/config.h
config.status:1006: executing default commands

## ---------------- ##
## Cache variables. ##
## ---------------- ##

ac_cv_c_compiler_gnu=yes
ac_cv_env_CC_set=
ac_cv_env_CC_value=
ac_cv_env_CFLAGS_set=
ac_cv_env_CFLAGS_value=
ac_cv_env_CPPFLAGS_set=
ac_cv_env_CPPFLAGS_value=
ac_cv_env_CPP_set=
ac_cv_env_CPP_value=
ac_cv_env_LDFLAGS_set=
ac_cv_env_LDFLAGS_value=
ac_cv_env_LIBS_set=
ac_cv_env_LIBS_value=
ac_cv_env_build_alias_set=
ac_cv_env_build_alias_value=
ac_cv_env_host_alias_set=
ac_cv_env_host_alias_value=
ac_cv_env_target_alias_set=
ac_cv_env_target_alias_value=
ac_cv_func_basename=yes
ac_cv_func_getopt=yes
ac_cv_func_getopt_long=yes
ac_cv_func_gettext=yes
ac_cv_func_memcpy=yes
ac_cv_func_open64=yes
ac_cv_func_snprintf=yes
ac_cv_func_splice=yes
ac_cv_func_stat64=yes
ac_cv_header_getopt_h=yes
ac_cv_header_inttypes_h=yes
ac_cv_header_libgen_h=yes
ac_cv_header_libintl_h=yes
ac_cv_header_limits_h=yes
ac_cv_header_locale_h=yes
ac_cv_header_memory_h=yes
ac_cv_header_stdc=yes
ac_cv_header_stdint_h=yes
ac_cv_header_stdlib_h=yes
ac_cv_header_string_h=yes
ac_cv_header_strings_h=yes
ac_cv_header_sys_ipc_h=yes
ac_cv_header_sys_param_h=yes
ac_cv_header_sys_stat_h=yes
ac_cv_header_sys_types_h=yes
ac_cv_header_unistd_h=yes
ac_cv_lib_i_main=no
ac_cv_lib_intl_main=no
ac_cv_objext=o
ac_cv_path_EGREP='/usr/bin/grep -E'
ac_cv_path_GMSGFMT=/usr/bin/msgfmt
ac_cv_path_GREP=/usr/bin/grep
ac_cv_path_MSGFMT=/usr/bin/msgfmt
ac_cv_path_XGETTEXT=/usr/bin/xgettext
ac_cv_path_install='/usr/bin/install -c'
ac_cv_prog_CPP='gcc -E'
ac_cv_prog_ac_ct_CC=gcc
ac_cv_prog_cc_c89=
ac_cv_prog_cc_g=yes
ac_cv_prog_make_make_set=yes

## ----------------- ##
## Output variables. ##
## ----------------- ##

CATALOGS=' src/nls/de.mo src/nls/fr.mo src/nls/pl.mo src/nls/pt.mo'
CATOBJEXT='.mo'
CC='gcc'
CFLAGS='-O'
CPP='gcc -E'
CPPFLAGS=''
DEFS='-DHAVE_CONFIG_H'
ECHO_C=''
ECHO_N='-n'
ECHO_T=''
EGREP='/usr/bin/grep -E'
EXEEXT=''
GMOFILES=' de.gmo fr.gmo pl.gmo pt.gmo'
GMSGFMT='/usr/bin/msgfmt'
GREP='/usr/bin/grep'
INSTALL_DATA='${INSTALL} -m 644'
INSTALL_PROGRAM='${INSTALL}'
INSTALL_SCRIPT='${INSTALL}'
INSTOBJEXT='.mo'
LDFLAGS=''
LIBOBJS=''
LIBS=''
LTLIBOBJS=''
MSGFMT='/usr/bin/msgfmt'
NLSOBJ=''
OBJEXT='o'
PACKAGE='pv'
PACKAGE_BUGREPORT=''
PACKAGE_NAME=''
PACKAGE_STRING=''
PACKAGE_TARNAME=''
PACKAGE_VERSION=''
PATH_SEPARATOR=':'
POFILES=' $(srcdir)/src/nls/de.po $(srcdir)/src/nls/fr.po $(srcdir)/src/nls/pl.po $(srcdir)/src/nls/pt.po'
SET_MAKE=''
SHELL='/bin/sh'
UCPACKAGE='PV'
VERSION='1.6.6'
XGETTEXT='/usr/bin/xgettext'
ac_ct_CC='gcc'
bindir='${exec_prefix}/bin'
build_alias=''
datadir='${datarootdir}'
datarootdir='${prefix}/share'
docdir='${datarootdir}/doc/${PACKAGE}'
dvidir='${docdir}'
exec_prefix='${prefix}'
host_alias=''
htmldir='${docdir}'
includedir='${prefix}/include'
infodir='${datarootdir}/info'
libdir='${exec_prefix}/lib'
libexecdir='${exec_prefix}/libexec'
localedir='${datarootdir}/locale'
localstatedir='${prefix}/var'
mandir='${datarootdir}/man'
oldincludedir='/usr/include'
pdfdir='${docdir}'
prefix='/usr/local'
program_transform_name='s,x,x,'
psdir='${docdir}'
sbindir='${exec_prefix}/sbin'
sharedstatedir='${prefix}/com'
sysconfdir='${prefix}/etc'
target_alias=''

## ----------- ##
## confdefs.h. ##
## ----------- ##

#define PACKAGE_NAME ""
#define PACKAGE_TARNAME ""
#define PACKAGE_VERSION ""
#define PACKAGE_STRING ""
#define PACKAGE_BUGREPORT ""
#define PACKAGE "pv"
#define PROGRAM_NAME "pv"
#define VERSION "1.6.6"
#define ENABLE_NLS 1
#define HAVE_GETTEXT 1
#define STDC_HEADERS 1
#define HAVE_SYS_TYPES_H 1
#define HAVE_SYS_STAT_H 1
#define HAVE_STDLIB_H 1
#define HAVE_STRING_H 1
#define HAVE_MEMORY_H 1
#define HAVE_STRINGS_H 1
#define HAVE_INTTYPES_H 1
#define HAVE_STDINT_H 1
#define HAVE_UNISTD_H 1
#define HAVE_LIBINTL_H 1
#define HAVE_LOCALE_H 1
#define HAVE_GETOPT_LONG 1
#define HAVE_GETOPT 1
#define HAVE_GETOPT_H 1
#define HAVE_OPEN64 1
#define ENABLE_LARGEFILE 1
#define HAVE_CONFIG_H 1
#define STDC_HEADERS 1
#define HAVE_MEMCPY 1
#define HAVE_BASENAME 1
#define HAVE_SNPRINTF 1
#define HAVE_STAT64 1
#define HAVE_LIMITS_H 1
#define HAVE_SYS_IPC_H 1
#define HAVE_SYS_PARAM_H 1
#define HAVE_LIBGEN_H 1
#define HAVE_SPLICE 1

configure: exit 0
